mode: set
github.com/amrchnk/balance_service/pkg/handler/balance.go:10.52,13.40 2 1
github.com/amrchnk/balance_service/pkg/handler/balance.go:21.5,22.39 2 1
github.com/amrchnk/balance_service/pkg/handler/balance.go:30.5,31.16 2 1
github.com/amrchnk/balance_service/pkg/handler/balance.go:39.5,43.7 1 1
github.com/amrchnk/balance_service/pkg/handler/balance.go:13.40,19.6 2 1
github.com/amrchnk/balance_service/pkg/handler/balance.go:22.39,28.6 2 1
github.com/amrchnk/balance_service/pkg/handler/balance.go:31.16,37.6 2 1
github.com/amrchnk/balance_service/pkg/handler/balance.go:46.49,49.16 3 1
github.com/amrchnk/balance_service/pkg/handler/balance.go:56.5,58.16 3 1
github.com/amrchnk/balance_service/pkg/handler/balance.go:65.5,65.30 1 1
github.com/amrchnk/balance_service/pkg/handler/balance.go:49.16,55.6 2 1
github.com/amrchnk/balance_service/pkg/handler/balance.go:58.16,64.6 2 1
github.com/amrchnk/balance_service/pkg/handler/balance.go:68.48,71.40 3 1
github.com/amrchnk/balance_service/pkg/handler/balance.go:79.5,80.16 2 1
github.com/amrchnk/balance_service/pkg/handler/balance.go:87.5,93.30 2 1
github.com/amrchnk/balance_service/pkg/handler/balance.go:71.40,77.6 2 1
github.com/amrchnk/balance_service/pkg/handler/balance.go:80.16,86.6 2 1
github.com/amrchnk/balance_service/pkg/handler/handler.go:12.52,14.2 1 1
github.com/amrchnk/balance_service/pkg/handler/handler.go:16.43,20.5 3 0
github.com/amrchnk/balance_service/pkg/handler/handler.go:26.5,27.5 2 0
github.com/amrchnk/balance_service/pkg/handler/handler.go:32.5,32.18 1 0
github.com/amrchnk/balance_service/pkg/handler/handler.go:20.5,24.6 3 0
github.com/amrchnk/balance_service/pkg/handler/handler.go:27.5,30.6 2 0
github.com/amrchnk/balance_service/pkg/handler/transactions.go:11.53,16.22 2 0
github.com/amrchnk/balance_service/pkg/handler/transactions.go:19.5,19.27 1 0
github.com/amrchnk/balance_service/pkg/handler/transactions.go:22.5,24.29 3 0
github.com/amrchnk/balance_service/pkg/handler/transactions.go:31.5,34.16 3 0
github.com/amrchnk/balance_service/pkg/handler/transactions.go:42.5,42.94 1 0
github.com/amrchnk/balance_service/pkg/handler/transactions.go:49.5,51.19 3 0
github.com/amrchnk/balance_service/pkg/handler/transactions.go:57.5,57.30 1 0
github.com/amrchnk/balance_service/pkg/handler/transactions.go:16.22,18.6 1 0
github.com/amrchnk/balance_service/pkg/handler/transactions.go:19.27,21.6 1 0
github.com/amrchnk/balance_service/pkg/handler/transactions.go:24.29,30.6 2 0
github.com/amrchnk/balance_service/pkg/handler/transactions.go:34.16,40.6 2 0
github.com/amrchnk/balance_service/pkg/handler/transactions.go:42.94,48.6 2 0
github.com/amrchnk/balance_service/pkg/handler/transactions.go:51.19,53.6 1 0
github.com/amrchnk/balance_service/pkg/handler/transactions.go:53.10,55.6 1 0
github.com/amrchnk/balance_service/pkg/handler/transactions.go:61.58,66.22 2 0
github.com/amrchnk/balance_service/pkg/handler/transactions.go:69.5,69.27 1 0
github.com/amrchnk/balance_service/pkg/handler/transactions.go:72.5,74.29 3 0
github.com/amrchnk/balance_service/pkg/handler/transactions.go:81.5,84.16 3 0
github.com/amrchnk/balance_service/pkg/handler/transactions.go:94.5,96.16 2 0
github.com/amrchnk/balance_service/pkg/handler/transactions.go:104.5,104.77 1 0
github.com/amrchnk/balance_service/pkg/handler/transactions.go:111.5,113.19 3 0
github.com/amrchnk/balance_service/pkg/handler/transactions.go:119.5,119.30 1 0
github.com/amrchnk/balance_service/pkg/handler/transactions.go:66.22,68.6 1 0
github.com/amrchnk/balance_service/pkg/handler/transactions.go:69.27,71.6 1 0
github.com/amrchnk/balance_service/pkg/handler/transactions.go:74.29,80.6 2 0
github.com/amrchnk/balance_service/pkg/handler/transactions.go:84.16,90.6 2 0
github.com/amrchnk/balance_service/pkg/handler/transactions.go:96.16,102.6 2 0
github.com/amrchnk/balance_service/pkg/handler/transactions.go:104.77,110.6 2 0
github.com/amrchnk/balance_service/pkg/handler/transactions.go:113.19,115.6 1 0
github.com/amrchnk/balance_service/pkg/handler/transactions.go:115.10,117.6 1 0
github.com/amrchnk/balance_service/pkg/handler/validates.go:3.36,4.40 1 1
github.com/amrchnk/balance_service/pkg/handler/validates.go:4.40,6.6 1 1
github.com/amrchnk/balance_service/pkg/handler/validates.go:6.11,8.6 1 1
